e:\mfcproject\patchinstall\patchinstall\debug\patchinstall.pch
e:\mfcproject\patchinstall\patchinstall\debug\vc141.pdb
e:\mfcproject\patchinstall\patchinstall\debug\vc141.idb
e:\mfcproject\patchinstall\patchinstall\debug\stdafx.obj
e:\mfcproject\patchinstall\patchinstall\debug\filemanager.obj
e:\mfcproject\patchinstall\patchinstall\debug\patchinstall.obj
e:\mfcproject\patchinstall\patchinstall\debug\patchinstalldlg.obj
e:\mfcproject\patchinstall\patchinstall\debug\patchinstall.res
e:\mfcproject\patchinstall\debug\patchinstall.pdb
e:\mfcproject\patchinstall\patchinstall\debug\patchinstall.tlog\cl.command.1.tlog
e:\mfcproject\patchinstall\patchinstall\debug\patchinstall.tlog\cl.read.1.tlog
e:\mfcproject\patchinstall\patchinstall\debug\patchinstall.tlog\cl.write.1.tlog
e:\mfcproject\patchinstall\patchinstall\debug\patchinstall.tlog\link-cvtres.read.1.tlog
e:\mfcproject\patchinstall\patchinstall\debug\patchinstall.tlog\link-cvtres.write.1.tlog
e:\mfcproject\patchinstall\patchinstall\debug\patchinstall.tlog\link-mt.read.1.tlog
e:\mfcproject\patchinstall\patchinstall\debug\patchinstall.tlog\link-mt.write.1.tlog
e:\mfcproject\patchinstall\patchinstall\debug\patchinstall.tlog\link-rc.read.1.tlog
e:\mfcproject\patchinstall\patchinstall\debug\patchinstall.tlog\link-rc.write.1.tlog
e:\mfcproject\patchinstall\patchinstall\debug\patchinstall.tlog\link.command.1.tlog
e:\mfcproject\patchinstall\patchinstall\debug\patchinstall.tlog\link.read.1.tlog
e:\mfcproject\patchinstall\patchinstall\debug\patchinstall.tlog\link.write.1.tlog
e:\mfcproject\patchinstall\patchinstall\debug\patchinstall.tlog\rc.command.1.tlog
e:\mfcproject\patchinstall\patchinstall\debug\patchinstall.tlog\rc.read.1.tlog
e:\mfcproject\patchinstall\patchinstall\debug\patchinstall.tlog\rc.write.1.tlog
